Determining if the pthread_create exist failed with the following output:
Change Dir: /home/marc/Documents/dev/rendering-engine/deps/glfw/build/CMakeFiles/CMakeTmp

Run Build Command:"/usr/bin/make" "cmTC_cb009/fast"
/usr/bin/make -f CMakeFiles/cmTC_cb009.dir/build.make CMakeFiles/cmTC_cb009.dir/build
make[1]: Entering directory '/home/marc/Documents/dev/rendering-engine/deps/glfw/build/CMakeFiles/CMakeTmp'
Building C object CMakeFiles/cmTC_cb009.dir/CheckSymbolExists.c.o
/usr/bin/cc     -o CMakeFiles/cmTC_cb009.dir/CheckSymbolExists.c.o   -c /home/marc/Documents/dev/rendering-engine/deps/glfw/build/CMakeFiles/CMakeTmp/CheckSymbolExists.c
Linking C executable cmTC_cb009
/usr/bin/cmake -E cmake_link_script CMakeFiles/cmTC_cb009.dir/link.txt --verbose=1
/usr/bin/cc       CMakeFiles/cmTC_cb009.dir/CheckSymbolExists.c.o  -o cmTC_cb009 -rdynamic 
CMakeFiles/cmTC_cb009.dir/CheckSymbolExists.c.o: In function `main':
CheckSymbolExists.c:(.text+0x16): undefined reference to `pthread_create'
collect2: error: ld returned 1 exit status
CMakeFiles/cmTC_cb009.dir/build.make:97: recipe for target 'cmTC_cb009' failed
make[1]: *** [cmTC_cb009] Error 1
make[1]: Leaving directory '/home/marc/Documents/dev/rendering-engine/deps/glfw/build/CMakeFiles/CMakeTmp'
Makefile:126: recipe for target 'cmTC_cb009/fast' failed
make: *** [cmTC_cb009/fast] Error 2

File /home/marc/Documents/dev/rendering-engine/deps/glfw/build/CMakeFiles/CMakeTmp/CheckSymbolExists.c:
/* */
#include <pthread.h>

int main(int argc, char** argv)
{
  (void)argv;
#ifndef pthread_create
  return ((int*)(&pthread_create))[argc];
#else
  (void)argc;
  return 0;
#endif
}

Determining if the function pthread_create exists in the pthreads failed with the following output:
Change Dir: /home/marc/Documents/dev/rendering-engine/deps/glfw/build/CMakeFiles/CMakeTmp

Run Build Command:"/usr/bin/make" "cmTC_06472/fast"
/usr/bin/make -f CMakeFiles/cmTC_06472.dir/build.make CMakeFiles/cmTC_06472.dir/build
make[1]: Entering directory '/home/marc/Documents/dev/rendering-engine/deps/glfw/build/CMakeFiles/CMakeTmp'
Building C object CMakeFiles/cmTC_06472.dir/CheckFunctionExists.c.o
/usr/bin/cc    -DCHECK_FUNCTION_EXISTS=pthread_create   -o CMakeFiles/cmTC_06472.dir/CheckFunctionExists.c.o   -c /usr/share/cmake-3.5/Modules/CheckFunctionExists.c
Linking C executable cmTC_06472
/usr/bin/cmake -E cmake_link_script CMakeFiles/cmTC_06472.dir/link.txt --verbose=1
/usr/bin/cc   -DCHECK_FUNCTION_EXISTS=pthread_create    CMakeFiles/cmTC_06472.dir/CheckFunctionExists.c.o  -o cmTC_06472 -rdynamic -lpthreads 
/usr/bin/ld: cannot find -lpthreads
collect2: error: ld returned 1 exit status
CMakeFiles/cmTC_06472.dir/build.make:97: recipe for target 'cmTC_06472' failed
make[1]: *** [cmTC_06472] Error 1
make[1]: Leaving directory '/home/marc/Documents/dev/rendering-engine/deps/glfw/build/CMakeFiles/CMakeTmp'
Makefile:126: recipe for target 'cmTC_06472/fast' failed
make: *** [cmTC_06472/fast] Error 2


